<?xml version="1.0" encoding="UTF-8"?>
<!-- Generated by org.testng.reporters.JUnitReportReporter -->
<testsuite hostname="Tushar" failures="0" tests="1" name="TestCases.Register" time="2.845" errors="0" timestamp="2025-10-06T10:49:22 IST" skipped="0">
  <testcase classname="TestCases.Register" name="testLogin" time="2.845"/>
</testsuite> <!-- TestCases.Register -->
